This is pdfTeX, Version 3.1415926-2.5-1.40.14 (MiKTeX 2.9) (preloaded format=pdflatex 2015.1.22)  30 JUN 2015 09:36
entering extended mode
**main.tex
(I:\BA_Software\PointCloud2Blender\Paper_LaTeX\main.tex
LaTeX2e <2011/06/27>
Babel <v3.8m> and hyphenation patterns for english, afrikaans, ancientgreek, ar
abic, armenian, assamese, basque, bengali, bokmal, bulgarian, catalan, coptic, 
croatian, czech, danish, dutch, esperanto, estonian, farsi, finnish, french, ga
lician, german, german-x-2013-05-26, greek, gujarati, hindi, hungarian, iceland
ic, indonesian, interlingua, irish, italian, kannada, kurmanji, latin, latvian,
 lithuanian, malayalam, marathi, mongolian, mongolianlmc, monogreek, ngerman, n
german-x-2013-05-26, nynorsk, oriya, panjabi, pinyin, polish, portuguese, roman
ian, russian, sanskrit, serbian, slovak, slovenian, spanish, swedish, swissgerm
an, tamil, telugu, turkish, turkmen, ukenglish, ukrainian, uppersorbian, usengl
ishmax, welsh, loaded.
(D:\miktex-portable\tex\latex\base\book.cls
Document Class: book 2007/10/19 v1.4h Standard LaTeX document class
(D:\miktex-portable\tex\latex\base\bk12.clo
File: bk12.clo 2007/10/19 v1.4h Standard LaTeX file (size option)
)
\c@part=\count79
\c@chapter=\count80
\c@section=\count81
\c@subsection=\count82
\c@subsubsection=\count83
\c@paragraph=\count84
\c@subparagraph=\count85
\c@figure=\count86
\c@table=\count87
\abovecaptionskip=\skip41
\belowcaptionskip=\skip42
\bibindent=\dimen102
)
(D:\miktex-portable\tex\latex\biblatex\biblatex.sty
Package: biblatex 2014/06/25 v2.9a programmable bibliographies (PK/JW/AB)

(D:\miktex-portable\tex\latex\biblatex\biblatex2.sty
Package: biblatex2 2014/06/25 v2.9a programmable bibliographies (biber) (PK/JW/
AB)

(D:\miktex-portable\tex\latex\etoolbox\etoolbox.sty
Package: etoolbox 2011/01/03 v2.1 e-TeX tools for LaTeX

(D:\miktex-portable\tex\latex\misc\etex.sty
Package: etex 1998/03/26 v2.0 eTeX basic definition package (PEB)
\et@xins=\count88
)
\etb@tempcnta=\count89
)
(D:\miktex-portable\tex\latex\graphics\keyval.sty
Package: keyval 1999/03/16 v1.13 key=value parser (DPC)
\KV@toks@=\toks14
)
(D:\miktex-portable\tex\latex\oberdiek\kvoptions.sty
Package: kvoptions 2011/06/30 v3.11 Key value format for package options (HO)

(D:\miktex-portable\tex\generic\oberdiek\ltxcmds.sty
Package: ltxcmds 2011/11/09 v1.22 LaTeX kernel commands for general use (HO)
)
(D:\miktex-portable\tex\generic\oberdiek\kvsetkeys.sty
Package: kvsetkeys 2012/04/25 v1.16 Key value parser (HO)

(D:\miktex-portable\tex\generic\oberdiek\infwarerr.sty
Package: infwarerr 2010/04/08 v1.3 Providing info/warning/error messages (HO)
)
(D:\miktex-portable\tex\generic\oberdiek\etexcmds.sty
Package: etexcmds 2011/02/16 v1.5 Avoid name clashes with e-TeX commands (HO)

(D:\miktex-portable\tex\generic\oberdiek\ifluatex.sty
Package: ifluatex 2010/03/01 v1.3 Provides the ifluatex switch (HO)
Package ifluatex Info: LuaTeX not detected.
)
Package etexcmds Info: Could not find \expanded.
(etexcmds)             That can mean that you are not using pdfTeX 1.50 or
(etexcmds)             that some package has redefined \expanded.
(etexcmds)             In the latter case, load this package earlier.
)))
(D:\miktex-portable\tex\latex\logreq\logreq.sty
Package: logreq 2010/08/04 v1.0 xml request logger
\lrq@indent=\count90

(D:\miktex-portable\tex\latex\logreq\logreq.def
File: logreq.def 2010/08/04 v1.0 logreq spec v1.0
))
(D:\miktex-portable\tex\latex\base\ifthen.sty
Package: ifthen 2001/05/26 v1.1c Standard LaTeX ifthen package (DPC)
)
(D:\miktex-portable\tex\latex\url\url.sty
\Urlmuskip=\muskip10
Package: url 2013/09/16  ver 3.4  Verb mode for urls, etc.
)
\c@tabx@nest=\count91
\c@listtotal=\count92
\c@listcount=\count93
\c@liststart=\count94
\c@liststop=\count95
\c@citecount=\count96
\c@citetotal=\count97
\c@multicitecount=\count98
\c@multicitetotal=\count99
\c@instcount=\count100
\c@maxnames=\count101
\c@minnames=\count102
\c@maxitems=\count103
\c@minitems=\count104
\c@citecounter=\count105
\c@savedcitecounter=\count106
\c@uniquelist=\count107
\c@uniquename=\count108
\c@refsection=\count109
\c@refsegment=\count110
\c@maxextratitle=\count111
\c@maxextratitleyear=\count112
\c@maxextrayear=\count113
\c@maxextraalpha=\count114
\c@abbrvpenalty=\count115
\c@highnamepenalty=\count116
\c@lownamepenalty=\count117
\c@maxparens=\count118
\c@parenlevel=\count119
\blx@tempcnta=\count120
\blx@tempcntb=\count121
\blx@tempcntc=\count122
\blx@maxsection=\count123
\blx@maxsegment@0=\count124
\blx@notetype=\count125
\blx@parenlevel@text=\count126
\blx@parenlevel@foot=\count127
\blx@sectionciteorder@0=\count128
\labelnumberwidth=\skip43
\labelalphawidth=\skip44
\biblabelsep=\skip45
\bibitemsep=\skip46
\bibnamesep=\skip47
\bibinitsep=\skip48
\bibparsep=\skip49
\bibhang=\skip50
\blx@bcfin=\read1
\blx@bcfout=\write3
\c@mincomprange=\count129
\c@maxcomprange=\count130
\c@mincompwidth=\count131
Package biblatex Info: Trying to load biblatex default data model...
Package biblatex Info: ... file 'blx-dm.def' found.

(D:\miktex-portable\tex\latex\biblatex\blx-dm.def)
Package biblatex Info: Trying to load biblatex style data model...
Package biblatex Info: ... file 'alphabetic.dbx' not found.
Package biblatex Info: Trying to load biblatex custom data model...
Package biblatex Info: ... file 'biblatex-dm.cfg' not found.
\c@afterword=\count132
\c@savedafterword=\count133
\c@annotator=\count134
\c@savedannotator=\count135
\c@author=\count136
\c@savedauthor=\count137
\c@bookauthor=\count138
\c@savedbookauthor=\count139
\c@commentator=\count140
\c@savedcommentator=\count141
\c@editor=\count142
\c@savededitor=\count143
\c@editora=\count144
\c@savededitora=\count145
\c@editorb=\count146
\c@savededitorb=\count147
\c@editorc=\count148
\c@savededitorc=\count149
\c@foreword=\count150
\c@savedforeword=\count151
\c@holder=\count152
\c@savedholder=\count153
\c@introduction=\count154
\c@savedintroduction=\count155
\c@namea=\count156
\c@savednamea=\count157
\c@nameb=\count158
\c@savednameb=\count159
\c@namec=\count160
\c@savednamec=\count161
\c@translator=\count162
\c@savedtranslator=\count163
\c@shortauthor=\count164
\c@savedshortauthor=\count165
\c@shorteditor=\count166
\c@savedshorteditor=\count167
\c@labelname=\count168
\c@savedlabelname=\count169
\c@institution=\count170
\c@savedinstitution=\count171
\c@lista=\count172
\c@savedlista=\count173
\c@listb=\count174
\c@savedlistb=\count175
\c@listc=\count176
\c@savedlistc=\count177
\c@listd=\count178
\c@savedlistd=\count179
\c@liste=\count180
\c@savedliste=\count181
\c@listf=\count182
\c@savedlistf=\count183
\c@location=\count184
\c@savedlocation=\count185
\c@organization=\count186
\c@savedorganization=\count187
\c@origlocation=\count188
\c@savedoriglocation=\count189
\c@origpublisher=\count190
\c@savedorigpublisher=\count191
\c@publisher=\count192
\c@savedpublisher=\count193
\c@language=\count194
\c@savedlanguage=\count195
\c@pageref=\count196
\c@savedpageref=\count197
\shorthandwidth=\skip51
\shortjournalwidth=\skip52
\shortserieswidth=\skip53
\shorttitlewidth=\skip54
\shortauthorwidth=\skip55
\shorteditorwidth=\skip56
Package biblatex Info: Trying to load compatibility code...
Package biblatex Info: ... file 'blx-compat.def' found.

(D:\miktex-portable\tex\latex\biblatex\blx-compat.def
File: blx-compat.def 2014/06/25 v2.9a biblatex compatibility (PK/JW/AB)
)
Package biblatex Info: Trying to load generic definitions...
Package biblatex Info: ... file 'biblatex.def' found.

(D:\miktex-portable\tex\latex\biblatex\biblatex.def
File: biblatex.def 
\c@textcitecount=\count198
\c@textcitetotal=\count199
\c@textcitemaxnames=\count200
\c@biburlnumpenalty=\count201
\c@biburlucpenalty=\count202
\c@biburllcpenalty=\count203
\c@smartand=\count204
)
Package biblatex Info: Trying to load bibliography style 'alphabetic'...
Package biblatex Info: ... file 'alphabetic.bbx' found.

(D:\miktex-portable\tex\latex\biblatex\bbx\alphabetic.bbx
File: alphabetic.bbx 2014/06/25 v2.9a biblatex bibliography style (PK/JW/AB)
Package biblatex Info: Trying to load bibliography style 'standard'...
Package biblatex Info: ... file 'standard.bbx' found.

(D:\miktex-portable\tex\latex\biblatex\bbx\standard.bbx
File: standard.bbx 2014/06/25 v2.9a biblatex bibliography style (PK/JW/AB)
\c@bbx:relatedcount=\count205
\c@bbx:relatedtotal=\count206
))
Package biblatex Info: Trying to load citation style 'alphabetic'...
Package biblatex Info: ... file 'alphabetic.cbx' found.

(D:\miktex-portable\tex\latex\biblatex\cbx\alphabetic.cbx
File: alphabetic.cbx 2014/06/25 v2.9a biblatex citation style (PK/JW/AB)
Package biblatex Info: Redefining '\cite'.
Package biblatex Info: Redefining '\parencite'.
Package biblatex Info: Redefining '\footcite'.
Package biblatex Info: Redefining '\footcitetext'.
Package biblatex Info: Redefining '\smartcite'.
Package biblatex Info: Redefining '\textcite'.
Package biblatex Info: Redefining '\textcites'.
Package biblatex Info: Redefining '\cites'.
Package biblatex Info: Redefining '\parencites'.
Package biblatex Info: Redefining '\smartcites'.
)
Package biblatex Info: Trying to load configuration file...
Package biblatex Info: ... file 'biblatex.cfg' found.

(D:\miktex-portable\tex\latex\biblatex\biblatex.cfg
File: biblatex.cfg 
)))
(D:\miktex-portable\tex\latex\base\inputenc.sty
Package: inputenc 2008/03/30 v1.1d Input encoding file
\inpenc@prehook=\toks15
\inpenc@posthook=\toks16

(D:\miktex-portable\tex\latex\base\utf8.def
File: utf8.def 2008/04/05 v1.1m UTF-8 support for inputenc
Now handling font encoding OML ...
... no UTF-8 mapping file for font encoding OML
Now handling font encoding T1 ...
... processing UTF-8 mapping file for font encoding T1

(D:\miktex-portable\tex\latex\base\t1enc.dfu
File: t1enc.dfu 2008/04/05 v1.1m UTF-8 support for inputenc
   defining Unicode char U+00A1 (decimal 161)
   defining Unicode char U+00A3 (decimal 163)
   defining Unicode char U+00AB (decimal 171)
   defining Unicode char U+00BB (decimal 187)
   defining Unicode char U+00BF (decimal 191)
   defining Unicode char U+00C0 (decimal 192)
   defining Unicode char U+00C1 (decimal 193)
   defining Unicode char U+00C2 (decimal 194)
   defining Unicode char U+00C3 (decimal 195)
   defining Unicode char U+00C4 (decimal 196)
   defining Unicode char U+00C5 (decimal 197)
   defining Unicode char U+00C6 (decimal 198)
   defining Unicode char U+00C7 (decimal 199)
   defining Unicode char U+00C8 (decimal 200)
   defining Unicode char U+00C9 (decimal 201)
   defining Unicode char U+00CA (decimal 202)
   defining Unicode char U+00CB (decimal 203)
   defining Unicode char U+00CC (decimal 204)
   defining Unicode char U+00CD (decimal 205)
   defining Unicode char U+00CE (decimal 206)
   defining Unicode char U+00CF (decimal 207)
   defining Unicode char U+00D0 (decimal 208)
   defining Unicode char U+00D1 (decimal 209)
   defining Unicode char U+00D2 (decimal 210)
   defining Unicode char U+00D3 (decimal 211)
   defining Unicode char U+00D4 (decimal 212)
   defining Unicode char U+00D5 (decimal 213)
   defining Unicode char U+00D6 (decimal 214)
   defining Unicode char U+00D8 (decimal 216)
   defining Unicode char U+00D9 (decimal 217)
   defining Unicode char U+00DA (decimal 218)
   defining Unicode char U+00DB (decimal 219)
   defining Unicode char U+00DC (decimal 220)
   defining Unicode char U+00DD (decimal 221)
   defining Unicode char U+00DE (decimal 222)
   defining Unicode char U+00DF (decimal 223)
   defining Unicode char U+00E0 (decimal 224)
   defining Unicode char U+00E1 (decimal 225)
   defining Unicode char U+00E2 (decimal 226)
   defining Unicode char U+00E3 (decimal 227)
   defining Unicode char U+00E4 (decimal 228)
   defining Unicode char U+00E5 (decimal 229)
   defining Unicode char U+00E6 (decimal 230)
   defining Unicode char U+00E7 (decimal 231)
   defining Unicode char U+00E8 (decimal 232)
   defining Unicode char U+00E9 (decimal 233)
   defining Unicode char U+00EA (decimal 234)
   defining Unicode char U+00EB (decimal 235)
   defining Unicode char U+00EC (decimal 236)
   defining Unicode char U+00ED (decimal 237)
   defining Unicode char U+00EE (decimal 238)
   defining Unicode char U+00EF (decimal 239)
   defining Unicode char U+00F0 (decimal 240)
   defining Unicode char U+00F1 (decimal 241)
   defining Unicode char U+00F2 (decimal 242)
   defining Unicode char U+00F3 (decimal 243)
   defining Unicode char U+00F4 (decimal 244)
   defining Unicode char U+00F5 (decimal 245)
   defining Unicode char U+00F6 (decimal 246)
   defining Unicode char U+00F8 (decimal 248)
   defining Unicode char U+00F9 (decimal 249)
   defining Unicode char U+00FA (decimal 250)
   defining Unicode char U+00FB (decimal 251)
   defining Unicode char U+00FC (decimal 252)
   defining Unicode char U+00FD (decimal 253)
   defining Unicode char U+00FE (decimal 254)
   defining Unicode char U+00FF (decimal 255)
   defining Unicode char U+0102 (decimal 258)
   defining Unicode char U+0103 (decimal 259)
   defining Unicode char U+0104 (decimal 260)
   defining Unicode char U+0105 (decimal 261)
   defining Unicode char U+0106 (decimal 262)
   defining Unicode char U+0107 (decimal 263)
   defining Unicode char U+010C (decimal 268)
   defining Unicode char U+010D (decimal 269)
   defining Unicode char U+010E (decimal 270)
   defining Unicode char U+010F (decimal 271)
   defining Unicode char U+0110 (decimal 272)
   defining Unicode char U+0111 (decimal 273)
   defining Unicode char U+0118 (decimal 280)
   defining Unicode char U+0119 (decimal 281)
   defining Unicode char U+011A (decimal 282)
   defining Unicode char U+011B (decimal 283)
   defining Unicode char U+011E (decimal 286)
   defining Unicode char U+011F (decimal 287)
   defining Unicode char U+0130 (decimal 304)
   defining Unicode char U+0131 (decimal 305)
   defining Unicode char U+0132 (decimal 306)
   defining Unicode char U+0133 (decimal 307)
   defining Unicode char U+0139 (decimal 313)
   defining Unicode char U+013A (decimal 314)
   defining Unicode char U+013D (decimal 317)
   defining Unicode char U+013E (decimal 318)
   defining Unicode char U+0141 (decimal 321)
   defining Unicode char U+0142 (decimal 322)
   defining Unicode char U+0143 (decimal 323)
   defining Unicode char U+0144 (decimal 324)
   defining Unicode char U+0147 (decimal 327)
   defining Unicode char U+0148 (decimal 328)
   defining Unicode char U+014A (decimal 330)
   defining Unicode char U+014B (decimal 331)
   defining Unicode char U+0150 (decimal 336)
   defining Unicode char U+0151 (decimal 337)
   defining Unicode char U+0152 (decimal 338)
   defining Unicode char U+0153 (decimal 339)
   defining Unicode char U+0154 (decimal 340)
   defining Unicode char U+0155 (decimal 341)
   defining Unicode char U+0158 (decimal 344)
   defining Unicode char U+0159 (decimal 345)
   defining Unicode char U+015A (decimal 346)
   defining Unicode char U+015B (decimal 347)
   defining Unicode char U+015E (decimal 350)
   defining Unicode char U+015F (decimal 351)
   defining Unicode char U+0160 (decimal 352)
   defining Unicode char U+0161 (decimal 353)
   defining Unicode char U+0162 (decimal 354)
   defining Unicode char U+0163 (decimal 355)
   defining Unicode char U+0164 (decimal 356)
   defining Unicode char U+0165 (decimal 357)
   defining Unicode char U+016E (decimal 366)
   defining Unicode char U+016F (decimal 367)
   defining Unicode char U+0170 (decimal 368)
   defining Unicode char U+0171 (decimal 369)
   defining Unicode char U+0178 (decimal 376)
   defining Unicode char U+0179 (decimal 377)
   defining Unicode char U+017A (decimal 378)
   defining Unicode char U+017B (decimal 379)
   defining Unicode char U+017C (decimal 380)
   defining Unicode char U+017D (decimal 381)
   defining Unicode char U+017E (decimal 382)
   defining Unicode char U+200C (decimal 8204)
   defining Unicode char U+2013 (decimal 8211)
   defining Unicode char U+2014 (decimal 8212)
   defining Unicode char U+2018 (decimal 8216)
   defining Unicode char U+2019 (decimal 8217)
   defining Unicode char U+201A (decimal 8218)
   defining Unicode char U+201C (decimal 8220)
   defining Unicode char U+201D (decimal 8221)
   defining Unicode char U+201E (decimal 8222)
   defining Unicode char U+2030 (decimal 8240)
   defining Unicode char U+2031 (decimal 8241)
   defining Unicode char U+2039 (decimal 8249)
   defining Unicode char U+203A (decimal 8250)
   defining Unicode char U+2423 (decimal 9251)
)
Now handling font encoding OT1 ...
... processing UTF-8 mapping file for font encoding OT1

(D:\miktex-portable\tex\latex\base\ot1enc.dfu
File: ot1enc.dfu 2008/04/05 v1.1m UTF-8 support for inputenc
   defining Unicode char U+00A1 (decimal 161)
   defining Unicode char U+00A3 (decimal 163)
   defining Unicode char U+00B8 (decimal 184)
   defining Unicode char U+00BF (decimal 191)
   defining Unicode char U+00C5 (decimal 197)
   defining Unicode char U+00C6 (decimal 198)
   defining Unicode char U+00D8 (decimal 216)
   defining Unicode char U+00DF (decimal 223)
   defining Unicode char U+00E6 (decimal 230)
   defining Unicode char U+00EC (decimal 236)
   defining Unicode char U+00ED (decimal 237)
   defining Unicode char U+00EE (decimal 238)
   defining Unicode char U+00EF (decimal 239)
   defining Unicode char U+00F8 (decimal 248)
   defining Unicode char U+0131 (decimal 305)
   defining Unicode char U+0141 (decimal 321)
   defining Unicode char U+0142 (decimal 322)
   defining Unicode char U+0152 (decimal 338)
   defining Unicode char U+0153 (decimal 339)
   defining Unicode char U+2013 (decimal 8211)
   defining Unicode char U+2014 (decimal 8212)
   defining Unicode char U+2018 (decimal 8216)
   defining Unicode char U+2019 (decimal 8217)
   defining Unicode char U+201C (decimal 8220)
   defining Unicode char U+201D (decimal 8221)
)
Now handling font encoding OMS ...
... processing UTF-8 mapping file for font encoding OMS

(D:\miktex-portable\tex\latex\base\omsenc.dfu
File: omsenc.dfu 2008/04/05 v1.1m UTF-8 support for inputenc
   defining Unicode char U+00A7 (decimal 167)
   defining Unicode char U+00B6 (decimal 182)
   defining Unicode char U+00B7 (decimal 183)
   defining Unicode char U+2020 (decimal 8224)
   defining Unicode char U+2021 (decimal 8225)
   defining Unicode char U+2022 (decimal 8226)
)
Now handling font encoding OMX ...
... no UTF-8 mapping file for font encoding OMX
Now handling font encoding U ...
... no UTF-8 mapping file for font encoding U
   defining Unicode char U+00A9 (decimal 169)
   defining Unicode char U+00AA (decimal 170)
   defining Unicode char U+00AE (decimal 174)
   defining Unicode char U+00BA (decimal 186)
   defining Unicode char U+02C6 (decimal 710)
   defining Unicode char U+02DC (decimal 732)
   defining Unicode char U+200C (decimal 8204)
   defining Unicode char U+2026 (decimal 8230)
   defining Unicode char U+2122 (decimal 8482)
   defining Unicode char U+2423 (decimal 9251)
))
(D:\miktex-portable\tex\latex\base\fontenc.sty
Package: fontenc 2005/09/27 v1.99g Standard LaTeX package

(D:\miktex-portable\tex\latex\base\t1enc.def
File: t1enc.def 2005/09/27 v1.99g Standard LaTeX file
LaTeX Font Info:    Redeclaring font encoding T1 on input line 43.
))
(D:\miktex-portable\tex\latex\csquotes\csquotes.sty
Package: csquotes 2015/04/15 v5.1e context-sensitive quotations (JAW)
\csq@reset=\count207
\csq@gtype=\count208
\csq@glevel=\count209
\csq@qlevel=\count210
\csq@maxlvl=\count211
\csq@tshold=\count212
\csq@ltx@everypar=\toks17

(D:\miktex-portable\tex\latex\csquotes\csquotes.def
File: csquotes.def 2015/04/15 v5.1e csquotes generic definitions (JAW)
)
Package csquotes Info: Trying to load configuration file 'csquotes.cfg'...
Package csquotes Info: ... configuration file loaded successfully.

(D:\miktex-portable\tex\latex\csquotes\csquotes.cfg
File: csquotes.cfg 
))
(D:\miktex-portable\tex\latex\graphics\graphicx.sty
Package: graphicx 1999/02/16 v1.0f Enhanced LaTeX Graphics (DPC,SPQR)

(D:\miktex-portable\tex\latex\graphics\graphics.sty
Package: graphics 2009/02/05 v1.0o Standard LaTeX Graphics (DPC,SPQR)

(D:\miktex-portable\tex\latex\graphics\trig.sty
Package: trig 1999/03/16 v1.09 sin cos tan (DPC)
)
(D:\miktex-portable\tex\latex\00miktex\graphics.cfg
File: graphics.cfg 2007/01/18 v1.5 graphics configuration of teTeX/TeXLive
)
Package graphics Info: Driver file: pdftex.def on input line 91.

(D:\miktex-portable\tex\latex\pdftex-def\pdftex.def
File: pdftex.def 2011/05/27 v0.06d Graphics/color for pdfTeX
\Gread@gobject=\count213
))
\Gin@req@height=\dimen103
\Gin@req@width=\dimen104
)
(D:\miktex-portable\tex\latex\geometry\geometry.sty
Package: geometry 2010/09/12 v5.6 Page Geometry

(D:\miktex-portable\tex\generic\oberdiek\ifpdf.sty
Package: ifpdf 2011/01/30 v2.3 Provides the ifpdf switch (HO)
Package ifpdf Info: pdfTeX in PDF mode is detected.
)
(D:\miktex-portable\tex\generic\oberdiek\ifvtex.sty
Package: ifvtex 2010/03/01 v1.5 Detect VTeX and its facilities (HO)
Package ifvtex Info: VTeX not detected.
)
(D:\miktex-portable\tex\generic\ifxetex\ifxetex.sty
Package: ifxetex 2010/09/12 v0.6 Provides ifxetex conditional
)
\Gm@cnth=\count214
\Gm@cntv=\count215
\c@Gm@tempcnt=\count216
\Gm@bindingoffset=\dimen105
\Gm@wd@mp=\dimen106
\Gm@odd@mp=\dimen107
\Gm@even@mp=\dimen108
\Gm@layoutwidth=\dimen109
\Gm@layoutheight=\dimen110
\Gm@layouthoffset=\dimen111
\Gm@layoutvoffset=\dimen112
\Gm@dimlist=\toks18

(D:\miktex-portable\tex\latex\geometry\geometry.cfg))
(D:\miktex-portable\tex\latex\wrapfig\wrapfig.sty
\wrapoverhang=\dimen113
\WF@size=\dimen114
\c@WF@wrappedlines=\count217
\WF@box=\box26
\WF@everypar=\toks19
Package: wrapfig 2003/01/31  v 3.6
)
(D:\miktex-portable\tex\latex\caption\caption.sty
Package: caption 2013/05/02 v3.3-89 Customizing captions (AR)

(D:\miktex-portable\tex\latex\caption\caption3.sty
Package: caption3 2013/05/02 v1.6-88 caption3 kernel (AR)
Package caption3 Info: TeX engine: e-TeX on input line 57.
\captionmargin=\dimen115
\captionmargin@=\dimen116
\captionwidth=\dimen117
\caption@tempdima=\dimen118
\caption@indent=\dimen119
\caption@parindent=\dimen120
\caption@hangindent=\dimen121
)
\c@ContinuedFloat=\count218
Package caption Info: wrapfig package is loaded.
)
(D:\miktex-portable\tex\latex\caption\subcaption.sty
Package: subcaption 2013/02/03 v1.1-62 Sub-captions (AR)
\c@subfigure=\count219
\c@subtable=\count220
)
(D:\miktex-portable\tex\latex\fancyhdr\fancyhdr.sty
\fancy@headwidth=\skip57
\f@ncyO@elh=\skip58
\f@ncyO@erh=\skip59
\f@ncyO@olh=\skip60
\f@ncyO@orh=\skip61
\f@ncyO@elf=\skip62
\f@ncyO@erf=\skip63
\f@ncyO@olf=\skip64
\f@ncyO@orf=\skip65
)
(I:\BA_Software\PointCloud2Blender\Paper_LaTeX\pgfgantt.sty
Package: pgfgantt 2013/06/01 v4.0 Draw Gantt diagrams with TikZ

(D:\miktex-portable\tex\latex\pgf\frontendlayer\tikz.sty
(D:\miktex-portable\tex\latex\pgf\basiclayer\pgf.sty
(D:\miktex-portable\tex\latex\pgf\utilities\pgfrcs.sty
(D:\miktex-portable\tex\generic\pgf\utilities\pgfutil-common.tex
\pgfutil@everybye=\toks20
\pgfutil@tempdima=\dimen122
\pgfutil@tempdimb=\dimen123

(D:\miktex-portable\tex\generic\pgf\utilities\pgfutil-common-lists.tex))
(D:\miktex-portable\tex\generic\pgf\utilities\pgfutil-latex.def
\pgfutil@abb=\box27

(D:\miktex-portable\tex\latex\ms\everyshi.sty
Package: everyshi 2001/05/15 v3.00 EveryShipout Package (MS)
))
(D:\miktex-portable\tex\generic\pgf\utilities\pgfrcs.code.tex
Package: pgfrcs 2013/12/20 v3.0.0 (rcs-revision 1.28)
))
Package: pgf 2013/12/18 v3.0.0 (rcs-revision 1.14)

(D:\miktex-portable\tex\latex\pgf\basiclayer\pgfcore.sty
(D:\miktex-portable\tex\latex\pgf\systemlayer\pgfsys.sty
(D:\miktex-portable\tex\generic\pgf\systemlayer\pgfsys.code.tex
Package: pgfsys 2013/11/30 v3.0.0 (rcs-revision 1.47)

(D:\miktex-portable\tex\generic\pgf\utilities\pgfkeys.code.tex
\pgfkeys@pathtoks=\toks21
\pgfkeys@temptoks=\toks22

(D:\miktex-portable\tex\generic\pgf\utilities\pgfkeysfiltered.code.tex
\pgfkeys@tmptoks=\toks23
))
\pgf@x=\dimen124
\pgf@y=\dimen125
\pgf@xa=\dimen126
\pgf@ya=\dimen127
\pgf@xb=\dimen128
\pgf@yb=\dimen129
\pgf@xc=\dimen130
\pgf@yc=\dimen131
\w@pgf@writea=\write4
\r@pgf@reada=\read2
\c@pgf@counta=\count221
\c@pgf@countb=\count222
\c@pgf@countc=\count223
\c@pgf@countd=\count224
\t@pgf@toka=\toks24
\t@pgf@tokb=\toks25
\t@pgf@tokc=\toks26

(D:\miktex-portable\tex\generic\pgf\systemlayer\pgf.cfg
File: pgf.cfg 2008/05/14  (rcs-revision 1.7)
)
Driver file for pgf: pgfsys-pdftex.def

(D:\miktex-portable\tex\generic\pgf\systemlayer\pgfsys-pdftex.def
File: pgfsys-pdftex.def 2013/07/18  (rcs-revision 1.33)

(D:\miktex-portable\tex\generic\pgf\systemlayer\pgfsys-common-pdf.def
File: pgfsys-common-pdf.def 2013/10/10  (rcs-revision 1.13)
)))
(D:\miktex-portable\tex\generic\pgf\systemlayer\pgfsyssoftpath.code.tex
File: pgfsyssoftpath.code.tex 2013/09/09  (rcs-revision 1.9)
\pgfsyssoftpath@smallbuffer@items=\count225
\pgfsyssoftpath@bigbuffer@items=\count226
)
(D:\miktex-portable\tex\generic\pgf\systemlayer\pgfsysprotocol.code.tex
File: pgfsysprotocol.code.tex 2006/10/16  (rcs-revision 1.4)
))
(D:\miktex-portable\tex\latex\xcolor\xcolor.sty
Package: xcolor 2007/01/21 v2.11 LaTeX color extensions (UK)

(D:\miktex-portable\tex\latex\00miktex\color.cfg
File: color.cfg 2007/01/18 v1.5 color configuration of teTeX/TeXLive
)
Package xcolor Info: Driver file: pdftex.def on input line 225.
Package xcolor Info: Model `cmy' substituted by `cmy0' on input line 1337.
Package xcolor Info: Model `hsb' substituted by `rgb' on input line 1341.
Package xcolor Info: Model `RGB' extended on input line 1353.
Package xcolor Info: Model `HTML' substituted by `rgb' on input line 1355.
Package xcolor Info: Model `Hsb' substituted by `hsb' on input line 1356.
Package xcolor Info: Model `tHsb' substituted by `hsb' on input line 1357.
Package xcolor Info: Model `HSB' substituted by `hsb' on input line 1358.
Package xcolor Info: Model `Gray' substituted by `gray' on input line 1359.
Package xcolor Info: Model `wave' substituted by `hsb' on input line 1360.
)
(D:\miktex-portable\tex\generic\pgf\basiclayer\pgfcore.code.tex
Package: pgfcore 2010/04/11 v3.0.0 (rcs-revision 1.7)

(D:\miktex-portable\tex\generic\pgf\math\pgfmath.code.tex
(D:\miktex-portable\tex\generic\pgf\math\pgfmathcalc.code.tex
(D:\miktex-portable\tex\generic\pgf\math\pgfmathutil.code.tex)
(D:\miktex-portable\tex\generic\pgf\math\pgfmathparser.code.tex
\pgfmath@dimen=\dimen132
\pgfmath@count=\count227
\pgfmath@box=\box28
\pgfmath@toks=\toks27
\pgfmath@stack@operand=\toks28
\pgfmath@stack@operation=\toks29
)
(D:\miktex-portable\tex\generic\pgf\math\pgfmathfunctions.code.tex
(D:\miktex-portable\tex\generic\pgf\math\pgfmathfunctions.basic.code.tex)
(D:\miktex-portable\tex\generic\pgf\math\pgfmathfunctions.trigonometric.code.te
x) (D:\miktex-portable\tex\generic\pgf\math\pgfmathfunctions.random.code.tex)
(D:\miktex-portable\tex\generic\pgf\math\pgfmathfunctions.comparison.code.tex)
(D:\miktex-portable\tex\generic\pgf\math\pgfmathfunctions.base.code.tex)
(D:\miktex-portable\tex\generic\pgf\math\pgfmathfunctions.round.code.tex)
(D:\miktex-portable\tex\generic\pgf\math\pgfmathfunctions.misc.code.tex)
(D:\miktex-portable\tex\generic\pgf\math\pgfmathfunctions.integerarithmetics.co
de.tex))) (D:\miktex-portable\tex\generic\pgf\math\pgfmathfloat.code.tex
\c@pgfmathroundto@lastzeros=\count228
))
(D:\miktex-portable\tex\generic\pgf\basiclayer\pgfcorepoints.code.tex
File: pgfcorepoints.code.tex 2013/10/07  (rcs-revision 1.27)
\pgf@picminx=\dimen133
\pgf@picmaxx=\dimen134
\pgf@picminy=\dimen135
\pgf@picmaxy=\dimen136
\pgf@pathminx=\dimen137
\pgf@pathmaxx=\dimen138
\pgf@pathminy=\dimen139
\pgf@pathmaxy=\dimen140
\pgf@xx=\dimen141
\pgf@xy=\dimen142
\pgf@yx=\dimen143
\pgf@yy=\dimen144
\pgf@zx=\dimen145
\pgf@zy=\dimen146
)
(D:\miktex-portable\tex\generic\pgf\basiclayer\pgfcorepathconstruct.code.tex
File: pgfcorepathconstruct.code.tex 2013/10/07  (rcs-revision 1.29)
\pgf@path@lastx=\dimen147
\pgf@path@lasty=\dimen148
)
(D:\miktex-portable\tex\generic\pgf\basiclayer\pgfcorepathusage.code.tex
File: pgfcorepathusage.code.tex 2013/12/13  (rcs-revision 1.23)
\pgf@shorten@end@additional=\dimen149
\pgf@shorten@start@additional=\dimen150
)
(D:\miktex-portable\tex\generic\pgf\basiclayer\pgfcorescopes.code.tex
File: pgfcorescopes.code.tex 2013/10/09  (rcs-revision 1.44)
\pgfpic=\box29
\pgf@hbox=\box30
\pgf@layerbox@main=\box31
\pgf@picture@serial@count=\count229
)
(D:\miktex-portable\tex\generic\pgf\basiclayer\pgfcoregraphicstate.code.tex
File: pgfcoregraphicstate.code.tex 2013/09/19  (rcs-revision 1.11)
\pgflinewidth=\dimen151
)
(D:\miktex-portable\tex\generic\pgf\basiclayer\pgfcoretransformations.code.tex
File: pgfcoretransformations.code.tex 2013/10/10  (rcs-revision 1.17)
\pgf@pt@x=\dimen152
\pgf@pt@y=\dimen153
\pgf@pt@temp=\dimen154
) (D:\miktex-portable\tex\generic\pgf\basiclayer\pgfcorequick.code.tex
File: pgfcorequick.code.tex 2008/10/09  (rcs-revision 1.3)
)
(D:\miktex-portable\tex\generic\pgf\basiclayer\pgfcoreobjects.code.tex
File: pgfcoreobjects.code.tex 2006/10/11  (rcs-revision 1.2)
)
(D:\miktex-portable\tex\generic\pgf\basiclayer\pgfcorepathprocessing.code.tex
File: pgfcorepathprocessing.code.tex 2013/09/09  (rcs-revision 1.9)
)
(D:\miktex-portable\tex\generic\pgf\basiclayer\pgfcorearrows.code.tex
File: pgfcorearrows.code.tex 2013/11/07  (rcs-revision 1.40)
\pgfarrowsep=\dimen155
)
(D:\miktex-portable\tex\generic\pgf\basiclayer\pgfcoreshade.code.tex
File: pgfcoreshade.code.tex 2013/07/15  (rcs-revision 1.15)
\pgf@max=\dimen156
\pgf@sys@shading@range@num=\count230
)
(D:\miktex-portable\tex\generic\pgf\basiclayer\pgfcoreimage.code.tex
File: pgfcoreimage.code.tex 2013/07/15  (rcs-revision 1.18)

(D:\miktex-portable\tex\generic\pgf\basiclayer\pgfcoreexternal.code.tex
File: pgfcoreexternal.code.tex 2013/07/15  (rcs-revision 1.20)
\pgfexternal@startupbox=\box32
))
(D:\miktex-portable\tex\generic\pgf\basiclayer\pgfcorelayers.code.tex
File: pgfcorelayers.code.tex 2013/07/18  (rcs-revision 1.7)
)
(D:\miktex-portable\tex\generic\pgf\basiclayer\pgfcoretransparency.code.tex
File: pgfcoretransparency.code.tex 2013/09/30  (rcs-revision 1.5)
)
(D:\miktex-portable\tex\generic\pgf\basiclayer\pgfcorepatterns.code.tex
File: pgfcorepatterns.code.tex 2013/11/07  (rcs-revision 1.5)
)))
(D:\miktex-portable\tex\generic\pgf\modules\pgfmoduleshapes.code.tex
File: pgfmoduleshapes.code.tex 2013/10/31  (rcs-revision 1.34)
\pgfnodeparttextbox=\box33
)
(D:\miktex-portable\tex\generic\pgf\modules\pgfmoduleplot.code.tex
File: pgfmoduleplot.code.tex 2013/07/31  (rcs-revision 1.12)
)
(D:\miktex-portable\tex\latex\pgf\compatibility\pgfcomp-version-0-65.sty
Package: pgfcomp-version-0-65 2007/07/03 v3.0.0 (rcs-revision 1.7)
\pgf@nodesepstart=\dimen157
\pgf@nodesepend=\dimen158
)
(D:\miktex-portable\tex\latex\pgf\compatibility\pgfcomp-version-1-18.sty
Package: pgfcomp-version-1-18 2007/07/23 v3.0.0 (rcs-revision 1.1)
))
(D:\miktex-portable\tex\latex\pgf\utilities\pgffor.sty
(D:\miktex-portable\tex\latex\pgf\utilities\pgfkeys.sty
(D:\miktex-portable\tex\generic\pgf\utilities\pgfkeys.code.tex))
(D:\miktex-portable\tex\latex\pgf\math\pgfmath.sty
(D:\miktex-portable\tex\generic\pgf\math\pgfmath.code.tex))
(D:\miktex-portable\tex\generic\pgf\utilities\pgffor.code.tex
Package: pgffor 2013/12/13 v3.0.0 (rcs-revision 1.25)

(D:\miktex-portable\tex\generic\pgf\math\pgfmath.code.tex)
\pgffor@iter=\dimen159
\pgffor@skip=\dimen160
\pgffor@stack=\toks30
\pgffor@toks=\toks31
))
(D:\miktex-portable\tex\generic\pgf\frontendlayer\tikz\tikz.code.tex
Package: tikz 2013/12/13 v3.0.0 (rcs-revision 1.142)

(D:\miktex-portable\tex\generic\pgf\libraries\pgflibraryplothandlers.code.tex
File: pgflibraryplothandlers.code.tex 2013/08/31 v3.0.0 (rcs-revision 1.20)
\pgf@plot@mark@count=\count231
\pgfplotmarksize=\dimen161
)
\tikz@lastx=\dimen162
\tikz@lasty=\dimen163
\tikz@lastxsaved=\dimen164
\tikz@lastysaved=\dimen165
\tikzleveldistance=\dimen166
\tikzsiblingdistance=\dimen167
\tikz@figbox=\box34
\tikz@figbox@bg=\box35
\tikz@tempbox=\box36
\tikz@tempbox@bg=\box37
\tikztreelevel=\count232
\tikznumberofchildren=\count233
Normal \count register pool exhausted, switching to extended pool.
\tikznumberofcurrentchild=\count277
\tikz@fig@count=\count278

(D:\miktex-portable\tex\generic\pgf\modules\pgfmodulematrix.code.tex
File: pgfmodulematrix.code.tex 2013/09/17  (rcs-revision 1.8)
\pgfmatrixcurrentrow=\count279
\pgfmatrixcurrentcolumn=\count280
\pgf@matrix@numberofcolumns=\count281
)
\tikz@expandcount=\count282

(D:\miktex-portable\tex\generic\pgf\frontendlayer\tikz\libraries\tikzlibrarytop
aths.code.tex
File: tikzlibrarytopaths.code.tex 2008/06/17 v3.0.0 (rcs-revision 1.2)
)))
(D:\miktex-portable\tex\generic\pgf\frontendlayer\tikz\libraries\tikzlibraryarr
ows.code.tex
File: tikzlibraryarrows.code.tex 2008/01/09 v3.0.0 (rcs-revision 1.1)

(D:\miktex-portable\tex\generic\pgf\libraries\pgflibraryarrows.code.tex
File: pgflibraryarrows.code.tex 2013/09/23 v3.0.0 (rcs-revision 1.16)
\arrowsize=\dimen168
))
(D:\miktex-portable\tex\generic\pgf\frontendlayer\tikz\libraries\tikzlibrarybac
kgrounds.code.tex
File: tikzlibrarybackgrounds.code.tex 2013/07/18 v3.0.0 (rcs-revision 1.3)
\pgf@layerbox@background=\box38
\pgf@layerboxsaved@background=\box39
)
(D:\miktex-portable\tex\generic\pgf\frontendlayer\tikz\libraries\tikzlibrarycal
c.code.tex
File: tikzlibrarycalc.code.tex 2013/07/15 v3.0.0 (rcs-revision 1.9)
)
(D:\miktex-portable\tex\generic\pgf\frontendlayer\tikz\libraries\tikzlibrarypat
terns.code.tex
File: tikzlibrarypatterns.code.tex 2008/01/15 v3.0.0 (rcs-revision 1.2)

(D:\miktex-portable\tex\generic\pgf\libraries\pgflibrarypatterns.code.tex
File: pgflibrarypatterns.code.tex 2008/03/03 v3.0.0 (rcs-revision 1.13)
))
(D:\miktex-portable\tex\generic\pgf\frontendlayer\tikz\libraries\tikzlibrarypos
itioning.code.tex
File: tikzlibrarypositioning.code.tex 2008/10/06 v3.0.0 (rcs-revision 1.7)
)
(D:\miktex-portable\tex\generic\pgf\frontendlayer\tikz\libraries\tikzlibrarysha
pes.geometric.code.tex
File: tikzlibraryshapes.geometric.code.tex 2008/01/09 v3.0.0 (rcs-revision 1.1)


(D:\miktex-portable\tex\generic\pgf\libraries\shapes\pgflibraryshapes.geometric
.code.tex
File: pgflibraryshapes.geometric.code.tex 2008/06/26 v3.0.0 (rcs-revision 1.1)
)) (D:\miktex-portable\tex\latex\pgf\utilities\pgfcalendar.sty
(D:\miktex-portable\tex\generic\pgf\utilities\pgfcalendar.code.tex
File: pgfcalendar.code.tex 2007/07/23 v3.0.0 (rcs-revision 1.11)
\pgfcalendarcurrentjulian=\count283
))
\gtt@currentline=\count284
\gtt@lasttitleline=\count285
\gtt@currgrid=\count286
\gtt@chartwidth=\count287
\gtt@lasttitleslot=\count288
\gtt@elementid=\count289
\gtt@today@slot=\count290
\gtt@startjulian=\count291
\gtt@endjulian=\count292
\gtt@calendar@slots=\count293
\gtt@calendar@weeknumber=\count294
\gtt@calendar@startofweek=\count295
\gtt@left@slot=\count296
\gtt@right@slot=\count297
)
(D:\miktex-portable\tex\latex\amsmath\amsmath.sty
Package: amsmath 2013/01/14 v2.14 AMS math features
\@mathmargin=\skip66

For additional information on amsmath, use the `?' option.
(D:\miktex-portable\tex\latex\amsmath\amstext.sty
Package: amstext 2000/06/29 v2.01

(D:\miktex-portable\tex\latex\amsmath\amsgen.sty
File: amsgen.sty 1999/11/30 v2.0
\@emptytoks=\toks32
\ex@=\dimen169
))
(D:\miktex-portable\tex\latex\amsmath\amsbsy.sty
Package: amsbsy 1999/11/29 v1.2d
\pmbraise@=\dimen170
)
(D:\miktex-portable\tex\latex\amsmath\amsopn.sty
Package: amsopn 1999/12/14 v2.01 operator names
)
\inf@bad=\count298
LaTeX Info: Redefining \frac on input line 210.
\uproot@=\count299
\leftroot@=\count300
LaTeX Info: Redefining \overline on input line 306.
\classnum@=\count301
\DOTSCASE@=\count302
LaTeX Info: Redefining \ldots on input line 378.
LaTeX Info: Redefining \dots on input line 381.
LaTeX Info: Redefining \cdots on input line 466.
\Mathstrutbox@=\box40
\strutbox@=\box41
\big@size=\dimen171
LaTeX Font Info:    Redeclaring font encoding OML on input line 566.
LaTeX Font Info:    Redeclaring font encoding OMS on input line 567.
\macc@depth=\count303
\c@MaxMatrixCols=\count304
\dotsspace@=\muskip11
\c@parentequation=\count305
\dspbrk@lvl=\count306
\tag@help=\toks33
\row@=\count307
\column@=\count308
\maxfields@=\count309
\andhelp@=\toks34
\eqnshift@=\dimen172
\alignsep@=\dimen173
\tagshift@=\dimen174
\tagwidth@=\dimen175
\totwidth@=\dimen176
\lineht@=\dimen177
\@envbody=\toks35
\multlinegap=\skip67
\multlinetaggap=\skip68
\mathdisplay@stack=\toks36
LaTeX Info: Redefining \[ on input line 2665.
LaTeX Info: Redefining \] on input line 2666.
)
Package biblatex Info: Trying to load language 'english'...
Package biblatex Info: ... file 'english.lbx' found.

(D:\miktex-portable\tex\latex\biblatex\lbx\english.lbx
File: english.lbx 2014/06/25 v2.9a biblatex localization (PK/JW/AB)
)
Package csquotes Info: Checking for multilingual support...
Package csquotes Info: ... none found.

(I:\BA_Software\PointCloud2Blender\Paper_LaTeX\main.aux
(I:\BA_Software\PointCloud2Blender\Paper_LaTeX\declaration.aux)
(I:\BA_Software\PointCloud2Blender\Paper_LaTeX\abstract.aux)
(I:\BA_Software\PointCloud2Blender\Paper_LaTeX\acknowledgements.aux))
LaTeX Font Info:    Checking defaults for OML/cmm/m/it on input line 46.
LaTeX Font Info:    ... okay on input line 46.
LaTeX Font Info:    Checking defaults for T1/cmr/m/n on input line 46.
LaTeX Font Info:    ... okay on input line 46.
LaTeX Font Info:    Checking defaults for OT1/cmr/m/n on input line 46.
LaTeX Font Info:    ... okay on input line 46.
LaTeX Font Info:    Checking defaults for OMS/cmsy/m/n on input line 46.
LaTeX Font Info:    ... okay on input line 46.
LaTeX Font Info:    Checking defaults for OMX/cmex/m/n on input line 46.
LaTeX Font Info:    ... okay on input line 46.
LaTeX Font Info:    Checking defaults for U/cmr/m/n on input line 46.
LaTeX Font Info:    ... okay on input line 46.
Package biblatex Info: Input encoding 'utf8' detected.
Package biblatex Info: Automatic encoding selection.
(biblatex)             Assuming data encoding 'utf8'.
Package biblatex Info: Trying to load bibliographic data...


Package biblatex Warning: File 'main.bbl' is wrong format version - expected 2.
4.

Package biblatex Info: ... file 'main.bbl' found.
(I:\BA_Software\PointCloud2Blender\Paper_LaTeX\main.bbl)
Package biblatex Info: Reference section=0 on input line 46.
Package biblatex Info: Reference segment=0 on input line 46.

(D:\miktex-portable\tex\context\base\supp-pdf.mkii
[Loading MPS to PDF converter (version 2006.09.02).]
\scratchcounter=\count310
\scratchdimen=\dimen178
\scratchbox=\box42
\nofMPsegments=\count311
\nofMParguments=\count312
\everyMPshowfont=\toks37
\MPscratchCnt=\count313
\MPscratchDim=\dimen179
\MPnumerator=\count314
\makeMPintoPDFobject=\count315
\everyMPtoPDFconversion=\toks38
)
*geometry* driver: auto-detecting
*geometry* detected driver: pdftex
*geometry* verbose mode - [ preamble ] result:
* driver: pdftex
* paper: a4paper
* layout: <same size as paper>
* layoutoffset:(h,v)=(0.0pt,0.0pt)
* bindingoffset: 17.07164pt
* modes: twoside 
* h-part:(L,W,R)=(61.45795pt, 426.79134pt, 92.18695pt)
* v-part:(T,H,B)=(71.13188pt, 702.78308pt, 71.13188pt)
* \paperwidth=597.50787pt
* \paperheight=845.04684pt
* \textwidth=426.79134pt
* \textheight=702.78308pt
* \oddsidemargin=6.2596pt
* \evensidemargin=19.91696pt
* \topmargin=-33.0119pt
* \headheight=12.0pt
* \headsep=19.8738pt
* \topskip=12.0pt
* \footskip=30.0pt
* \marginparwidth=98.0pt
* \marginparsep=7.0pt
* \columnsep=10.0pt
* \skip\footins=10.8pt plus 4.0pt minus 2.0pt
* \hoffset=0.0pt
* \voffset=0.0pt
* \mag=1000
* \@twocolumnfalse
* \@twosidetrue
* \@mparswitchtrue
* \@reversemarginfalse
* (1in=72.27pt=25.4mm, 1cm=28.453pt)

Package caption Info: Begin \AtBeginDocument code.
Package caption Info: End \AtBeginDocument code.
ABD: EveryShipout initializing macros
(I:\BA_Software\PointCloud2Blender\Paper_LaTeX\titlepage.tex
<images/TH_Nuernberg_Logo.png, id=4, 1406.25375pt x 243.91125pt>
File: images/TH_Nuernberg_Logo.png Graphic file (type png)

<use images/TH_Nuernberg_Logo.png>
Package pdftex.def Info: images/TH_Nuernberg_Logo.png used on input line 27.
(pdftex.def)             Requested size: 426.79134pt x 74.02249pt.
 [1


{D:/miktex-portable/pdftex/config/pdftex.map} <I:/BA_Software/PointCloud2Blende
r/Paper_LaTeX/images/TH_Nuernberg_Logo.png>]) (I:\BA_Software\PointCloud2Blende
r\Paper_LaTeX\declaration.tex) [2

]
(I:\BA_Software\PointCloud2Blender\Paper_LaTeX\abstract.tex
Underfull \hbox (badness 10000) in paragraph at lines 10--12

 []


Underfull \hbox (badness 10000) in paragraph at lines 13--18

 []

) [3


] (I:\BA_Software\PointCloud2Blender\Paper_LaTeX\acknowledgements.tex
Underfull \hbox (badness 10000) in paragraph at lines 10--11

 []


Underfull \hbox (badness 10000) in paragraph at lines 12--14

 []


Underfull \hbox (badness 10000) in paragraph at lines 15--16

 []

) [4


] (I:\BA_Software\PointCloud2Blender\Paper_LaTeX\main.toc
LaTeX Font Info:    Try loading font information for OMS+cmr on input line 21.

(D:\miktex-portable\tex\latex\base\omscmr.fd
File: omscmr.fd 1999/05/25 v2.5h Standard LaTeX font definitions
)
LaTeX Font Info:    Font shape `OMS/cmr/m/n' in size <8> not available
(Font)              Font shape `OMS/cmsy/m/n' tried instead on input line 21.
 [5


])
\tf@toc=\write5
 [6]
(I:\BA_Software\PointCloud2Blender\Paper_LaTeX\main.lof)
\tf@lof=\write6
 [7

] [8


]
(I:\BA_Software\PointCloud2Blender\Paper_LaTeX\main.lot)
\tf@lot=\write7
 [9] [10


]
Chapter 1.
(I:\BA_Software\PointCloud2Blender\Paper_LaTeX\chapters/introduction.tex
[11]

Package Fancyhdr Warning: \headheight is too small (12.0pt): 
 Make it at least 14.49998pt.
 We now make it that large for the rest of the document.
 This may cause the page layout to be inconsistent, however.

[12]
Underfull \hbox (badness 10000) in paragraph at lines 23--24

 []


Underfull \hbox (badness 10000) in paragraph at lines 25--26

 []

LaTeX Font Info:    Try loading font information for T1+cmss on input line 52.
(D:\miktex-portable\tex\latex\base\t1cmss.fd
File: t1cmss.fd 1999/05/25 v2.5h Standard LaTeX font definitions
)
Missing character: There is no - in font nullfont!
Missing character: There is no 0 in font nullfont!
Missing character: There is no 1 in font nullfont!
Missing character: There is no - in font nullfont!
Missing character: There is no 0 in font nullfont!
Missing character: There is no 1 in font nullfont!
Missing character: There is no - in font nullfont!
Missing character: There is no 0 in font nullfont!
Missing character: There is no 1 in font nullfont!
Missing character: There is no - in font nullfont!
Missing character: There is no 0 in font nullfont!
Missing character: There is no 1 in font nullfont!
Missing character: There is no - in font nullfont!
Missing character: There is no 0 in font nullfont!
Missing character: There is no 1 in font nullfont!
Missing character: There is no - in font nullfont!
Missing character: There is no 0 in font nullfont!
Missing character: There is no 1 in font nullfont!
Missing character: There is no - in font nullfont!
Missing character: There is no 0 in font nullfont!
Missing character: There is no 1 in font nullfont!
Missing character: There is no - in font nullfont!
Missing character: There is no 0 in font nullfont!
Missing character: There is no 1 in font nullfont!
Missing character: There is no - in font nullfont!
Missing character: There is no 0 in font nullfont!
Missing character: There is no 1 in font nullfont!
Missing character: There is no - in font nullfont!
Missing character: There is no 0 in font nullfont!
Missing character: There is no 1 in font nullfont!
Missing character: There is no - in font nullfont!
Missing character: There is no 0 in font nullfont!
Missing character: There is no 1 in font nullfont!
Missing character: There is no - in font nullfont!
Missing character: There is no 0 in font nullfont!
Missing character: There is no 1 in font nullfont!
Missing character: There is no - in font nullfont!
Missing character: There is no 0 in font nullfont!
Missing character: There is no 1 in font nullfont!
Missing character: There is no - in font nullfont!
Missing character: There is no 0 in font nullfont!
Missing character: There is no 1 in font nullfont!
Missing character: There is no - in font nullfont!
Missing character: There is no 0 in font nullfont!
Missing character: There is no 1 in font nullfont!
Missing character: There is no - in font nullfont!
Missing character: There is no 0 in font nullfont!
Missing character: There is no 1 in font nullfont!
Missing character: There is no - in font nullfont!
Missing character: There is no 0 in font nullfont!
Missing character: There is no 1 in font nullfont!
Missing character: There is no - in font nullfont!
Missing character: There is no 0 in font nullfont!
Missing character: There is no 1 in font nullfont!
Missing character: There is no - in font nullfont!
Missing character: There is no 0 in font nullfont!
Missing character: There is no 1 in font nullfont!
Missing character: There is no - in font nullfont!
Missing character: There is no 0 in font nullfont!
Missing character: There is no 1 in font nullfont!

Underfull \hbox (badness 10000) in paragraph at lines 72--73

 []


Underfull \vbox (badness 7326) has occurred while \output is active []

 [13]
Underfull \hbox (badness 10000) in paragraph at lines 81--82

 []

<images/Pellerhaus_FirstGlance.jpg, id=63, 1445.4pt x 782.925pt>
File: images/Pellerhaus_FirstGlance.jpg Graphic file (type jpg)

<use images/Pellerhaus_FirstGlance.jpg>
Package pdftex.def Info: images/Pellerhaus_FirstGlance.jpg used on input line 9
0.
(pdftex.def)             Requested size: 361.34912pt x 195.73077pt.
 [14 <I:/BA_Software/PointCloud2Blender/Paper_LaTeX/images/Pellerhaus_FirstGlan
ce.jpg>] [15]
<images/Photogrammetry_VisualSFM.jpg, id=75, 1927.2pt x 1084.05pt>
File: images/Photogrammetry_VisualSFM.jpg Graphic file (type jpg)

<use images/Photogrammetry_VisualSFM.jpg>
Package pdftex.def Info: images/Photogrammetry_VisualSFM.jpg used on input line
 117.
(pdftex.def)             Requested size: 426.79134pt x 240.06316pt.

<images/Photogrammetry_Agisoft.jpg, id=76, 1927.2pt x 1084.05pt>
File: images/Photogrammetry_Agisoft.jpg Graphic file (type jpg)

<use images/Photogrammetry_Agisoft.jpg>
Package pdftex.def Info: images/Photogrammetry_Agisoft.jpg used on input line 1
24.
(pdftex.def)             Requested size: 426.79134pt x 240.06316pt.


LaTeX Warning: `h' float specifier changed to `ht'.

LaTeX Font Info:    Font shape `OMS/cmr/bx/n' in size <10> not available
(Font)              Font shape `OMS/cmsy/b/n' tried instead on input line 140.

Underfull \vbox (badness 1424) has occurred while \output is active []

 [16]
[17]) [18] [19 <I:/BA_Software/PointCloud2Blender/Paper_LaTeX/images/Photogramm
etry_VisualSFM.jpg> <I:/BA_Software/PointCloud2Blender/Paper_LaTeX/images/Photo
grammetry_Agisoft.jpg>] [20

]
Chapter 2.
(I:\BA_Software\PointCloud2Blender\Paper_LaTeX\chapters/chapter01.tex [21]
Underfull \hbox (badness 10000) in paragraph at lines 11--12

 []


Underfull \hbox (badness 10000) in paragraph at lines 19--20

 []

[22]
Underfull \vbox (badness 10000) has occurred while \output is active []

 [23]
<images/Pellerhaus_1905_AF.jpg, id=105, 4025.0375pt x 4916.3675pt>
File: images/Pellerhaus_1905_AF.jpg Graphic file (type jpg)

<use images/Pellerhaus_1905_AF.jpg>
Package pdftex.def Info: images/Pellerhaus_1905_AF.jpg used on input line 52.
(pdftex.def)             Requested size: 204.85802pt x 250.18379pt.

Underfull \vbox (badness 10000) has occurred while \output is active []

 [24 <I:/BA_Software/PointCloud2Blender/Paper_LaTeX/images/Pellerhaus_1905_AF.j
pg>]
<images/Pellerhaus_2015_AK.jpg, id=109, 5202.43625pt x 4930.42pt>
File: images/Pellerhaus_2015_AK.jpg Graphic file (type jpg)

<use images/Pellerhaus_2015_AK.jpg>
Package pdftex.def Info: images/Pellerhaus_2015_AK.jpg used on input line 72.
(pdftex.def)             Requested size: 204.85802pt x 194.0987pt.

Underfull \hbox (badness 10000) in paragraph at lines 79--80

 []


<images/Pellerhaus_before1945_Carl_Simon_United_Archives.jpg, id=110, 662.9568p
t x 776.6616pt>
File: images/Pellerhaus_before1945_Carl_Simon_United_Archives.jpg Graphic file 
(type jpg)

<use images/Pellerhaus_before1945_Carl_Simon_United_Archives.jpg>
Package pdftex.def Info: images/Pellerhaus_before1945_Carl_Simon_United_Archive
s.jpg used on input line 86.
(pdftex.def)             Requested size: 128.0387pt x 149.99666pt.

Overfull \hbox (6.3271pt too wide) in paragraph at lines 86--88
 [] 
 []

<images/Pellerhaus_1945_Life_Archive.jpg, id=111, 2762.32pt x 3236.09pt>
File: images/Pellerhaus_1945_Life_Archive.jpg Graphic file (type jpg)

<use images/Pellerhaus_1945_Life_Archive.jpg>
Package pdftex.def Info: images/Pellerhaus_1945_Life_Archive.jpg used on input 
line 94.
(pdftex.def)             Requested size: 128.0387pt x 149.96309pt.

<images/Pellerhaus_after1945_AK.jpg, id=112, 2762.32pt x 3236.09pt>
File: images/Pellerhaus_after1945_AK.jpg Graphic file (type jpg)

<use images/Pellerhaus_after1945_AK.jpg>
Package pdftex.def Info: images/Pellerhaus_after1945_AK.jpg used on input line 
102.
(pdftex.def)             Requested size: 128.0387pt x 149.96309pt.
 [25 <I:/BA_Software/PointCloud2Blender/Paper_LaTeX/images/Pellerhaus_2015_AK.j
pg> <I:/BA_Software/PointCloud2Blender/Paper_LaTeX/images/Pellerhaus_before1945
_Carl_Simon_United_Archives.jpg> <I:/BA_Software/PointCloud2Blender/Paper_LaTeX
/images/Pellerhaus_1945_Life_Archive.jpg> <I:/BA_Software/PointCloud2Blender/Pa
per_LaTeX/images/Pellerhaus_after1945_AK.jpg>]
Underfull \hbox (badness 10000) in paragraph at lines 122--122

 []

[26]
Underfull \hbox (badness 10000) in paragraph at lines 128--129

 []

<images/2d_panorama_grey.jpg, id=120, 1084.05pt x 542.025pt>
File: images/2d_panorama_grey.jpg Graphic file (type jpg)

<use images/2d_panorama_grey.jpg>
Package pdftex.def Info: images/2d_panorama_grey.jpg used on input line 150.
(pdftex.def)             Requested size: 433.61232pt x 216.80615pt.

Overfull \hbox (6.82098pt too wide) in paragraph at lines 150--151
 [][][] 
 []


LaTeX Warning: `h' float specifier changed to `ht'.

[27] <images/3DPanorama_UnitSphere.png, id=124, 2276.505pt x 2168.1pt>
File: images/3DPanorama_UnitSphere.png Graphic file (type png)

<use images/3DPanorama_UnitSphere.png>
Package pdftex.def Info: images/3DPanorama_UnitSphere.png used on input line 16
5.
(pdftex.def)             Requested size: 159.37163pt x 151.7825pt.

<images/3DPanorama_DepthSphere.png, id=125, 3083.52pt x 2168.1pt>
File: images/3DPanorama_DepthSphere.png Graphic file (type png)

<use images/3DPanorama_DepthSphere.png>
Package pdftex.def Info: images/3DPanorama_DepthSphere.png used on input line 1
72.
(pdftex.def)             Requested size: 215.86845pt x 151.7825pt.

Overfull \hbox (23.81366pt too wide) in paragraph at lines 172--173
 [][][] 
 []

[28 <I:/BA_Software/PointCloud2Blender/Paper_LaTeX/images/2d_panorama_grey.jpg>
 <I:/BA_Software/PointCloud2Blender/Paper_LaTeX/images/3DPanorama_UnitSphere.pn
g> <I:/BA_Software/PointCloud2Blender/Paper_LaTeX/images/3DPanorama_DepthSphere
.png>]
<images/Visual_Coordinate_Conversion_1.jpg, id=131, 1159.33125pt x 849.1725pt>
File: images/Visual_Coordinate_Conversion_1.jpg Graphic file (type jpg)

<use images/Visual_Coordinate_Conversion_1.jpg>
Package pdftex.def Info: images/Visual_Coordinate_Conversion_1.jpg used on inpu
t line 195.
(pdftex.def)             Requested size: 104.33531pt x 76.42223pt.

Overfull \hbox (1.90306pt too wide) in paragraph at lines 195--196
 [][][] 
 []


<images/Visual_Coordinate_Conversion_2.jpg, id=132, 1159.33125pt x 849.1725pt>
File: images/Visual_Coordinate_Conversion_2.jpg Graphic file (type jpg)

<use images/Visual_Coordinate_Conversion_2.jpg>
Package pdftex.def Info: images/Visual_Coordinate_Conversion_2.jpg used on inpu
t line 202.
(pdftex.def)             Requested size: 104.33531pt x 76.42223pt.

Overfull \hbox (1.90306pt too wide) in paragraph at lines 202--203
 [][][] 
 []


<images/Visual_Coordinate_Conversion_3.jpg, id=133, 1159.33125pt x 849.1725pt>
File: images/Visual_Coordinate_Conversion_3.jpg Graphic file (type jpg)

<use images/Visual_Coordinate_Conversion_3.jpg>
Package pdftex.def Info: images/Visual_Coordinate_Conversion_3.jpg used on inpu
t line 209.
(pdftex.def)             Requested size: 104.33531pt x 76.42223pt.

Overfull \hbox (1.90306pt too wide) in paragraph at lines 209--210
 [][][] 
 []


<images/Visual_Coordinate_Conversion_4.jpg, id=134, 1159.33125pt x 849.1725pt>
File: images/Visual_Coordinate_Conversion_4.jpg Graphic file (type jpg)

<use images/Visual_Coordinate_Conversion_4.jpg>
Package pdftex.def Info: images/Visual_Coordinate_Conversion_4.jpg used on inpu
t line 216.
(pdftex.def)             Requested size: 104.33531pt x 76.42223pt.

Overfull \hbox (1.90306pt too wide) in paragraph at lines 216--217
 [][][] 
 []


Overfull \hbox (11.06062pt too wide) in paragraph at lines 225--226
[][]\T1/cmr/m/n/12 The fi-nal im-age can be formed by map-ping these spher-i-ca
l co-or-di-nates $\OT1/cmr/m/n/12 (\OML/cmm/m/it/12 ; '; radius\OT1/cmr/m/n/12
 )$
 []

[29 <I:/BA_Software/PointCloud2Blender/Paper_LaTeX/images/Visual_Coordinate_Con
version_1.jpg> <I:/BA_Software/PointCloud2Blender/Paper_LaTeX/images/Visual_Coo
rdinate_Conversion_2.jpg> <I:/BA_Software/PointCloud2Blender/Paper_LaTeX/images
/Visual_Coordinate_Conversion_3.jpg> <I:/BA_Software/PointCloud2Blender/Paper_L
aTeX/images/Visual_Coordinate_Conversion_4.jpg>]
<images/projection_type_equirectangular.jpg, id=138, 1084.05pt x 542.025pt>
File: images/projection_type_equirectangular.jpg Graphic file (type jpg)

<use images/projection_type_equirectangular.jpg>
Package pdftex.def Info: images/projection_type_equirectangular.jpg used on inp
ut line 245.
(pdftex.def)             Requested size: 128.0387pt x 64.01463pt.

<images/projection_type_cylindrical.jpg, id=139, 1084.05pt x 542.025pt>
File: images/projection_type_cylindrical.jpg Graphic file (type jpg)

<use images/projection_type_cylindrical.jpg>
Package pdftex.def Info: images/projection_type_cylindrical.jpg used on input l
ine 252.
(pdftex.def)             Requested size: 128.0387pt x 64.01463pt.

<images/projection_type_mercator.jpg, id=140, 1084.05pt x 542.025pt>
File: images/projection_type_mercator.jpg Graphic file (type jpg)

<use images/projection_type_mercator.jpg>
Package pdftex.def Info: images/projection_type_mercator.jpg used on input line
 259.
(pdftex.def)             Requested size: 128.0387pt x 64.01463pt.
) [30 <I:/BA_Software/PointCloud2Blender/Paper_LaTeX/images/projection_type_equ
irectangular.jpg> <I:/BA_Software/PointCloud2Blender/Paper_LaTeX/images/project
ion_type_cylindrical.jpg> <I:/BA_Software/PointCloud2Blender/Paper_LaTeX/images
/projection_type_mercator.jpg>]
Chapter 3.
(I:\BA_Software\PointCloud2Blender\Paper_LaTeX\chapters/chapter02.tex [31

]
<images/UseCaseDiagram_PC2B.png, id=148, 1027.84pt x 607.26875pt>
File: images/UseCaseDiagram_PC2B.png Graphic file (type png)

<use images/UseCaseDiagram_PC2B.png>
Package pdftex.def Info: images/UseCaseDiagram_PC2B.png used on input line 16.
(pdftex.def)             Requested size: 411.12872pt x 242.9032pt.
 [32 <I:/BA_Software/PointCloud2Blender/Paper_LaTeX/images/UseCaseDiagram_PC2B.
png (PNG copy)>]
<images/PellerhausLaserScan.jpg, id=152, 536.0025pt x 803.0pt>
File: images/PellerhausLaserScan.jpg Graphic file (type jpg)

<use images/PellerhausLaserScan.jpg>
Package pdftex.def Info: images/PellerhausLaserScan.jpg used on input line 31.
(pdftex.def)             Requested size: 214.3972pt x 321.1943pt.
 [33 <I:/BA_Software/PointCloud2Blender/Paper_LaTeX/images/PellerhausLaserScan.
jpg>]
<images/BlenderAddon.jpg, id=156, 2930.95pt x 831.105pt>
File: images/BlenderAddon.jpg Graphic file (type jpg)

<use images/BlenderAddon.jpg>
Package pdftex.def Info: images/BlenderAddon.jpg used on input line 51.
(pdftex.def)             Requested size: 426.79134pt x 121.02074pt.
 [34 <I:/BA_Software/PointCloud2Blender/Paper_LaTeX/images/BlenderAddon.jpg>]
Underfull \vbox (badness 1033) has occurred while \output is active []

 [35]
[36] <images/PC2B_colormap_grey.jpg, id=168, 1084.05pt x 542.025pt>
File: images/PC2B_colormap_grey.jpg Graphic file (type jpg)

<use images/PC2B_colormap_grey.jpg>
Package pdftex.def Info: images/PC2B_colormap_grey.jpg used on input line 200.
(pdftex.def)             Requested size: 192.0548pt x 96.02194pt.

<images/PC2B_depthmap.jpg, id=169, 1084.05pt x 542.025pt>
File: images/PC2B_depthmap.jpg Graphic file (type jpg)

<use images/PC2B_depthmap.jpg>
Package pdftex.def Info: images/PC2B_depthmap.jpg used on input line 207.
(pdftex.def)             Requested size: 192.0548pt x 96.02194pt.
 [37 <I:/BA_Software/PointCloud2Blender/Paper_LaTeX/images/PC2B_colormap_grey.j
pg> <I:/BA_Software/PointCloud2Blender/Paper_LaTeX/images/PC2B_depthmap.jpg>]
<images/PC2B_Meshing.jpg, id=174, 2514.39375pt x 1992.44376pt>
File: images/PC2B_Meshing.jpg Graphic file (type jpg)

<use images/PC2B_Meshing.jpg>
Package pdftex.def Info: images/PC2B_Meshing.jpg used on input line 223.
(pdftex.def)             Requested size: 320.09349pt x 253.64558pt.
 [38 <I:/BA_Software/PointCloud2Blender/Paper_LaTeX/images/PC2B_Meshing.jpg>]
<images/PC2B_Normals.jpg, id=178, 2514.39375pt x 1510.64375pt>
File: images/PC2B_Normals.jpg Graphic file (type jpg)

<use images/PC2B_Normals.jpg>
Package pdftex.def Info: images/PC2B_Normals.jpg used on input line 238.
(pdftex.def)             Requested size: 320.09349pt x 192.31064pt.

<images/PC2B_Normals_off.png, id=179, 1927.2pt x 1084.05pt>
File: images/PC2B_Normals_off.png Graphic file (type png)

<use images/PC2B_Normals_off.png>
Package pdftex.def Info: images/PC2B_Normals_off.png used on input line 250.
(pdftex.def)             Requested size: 192.0548pt x 108.0309pt.

<images/PC2B_Normals_on.png, id=180, 1927.2pt x 1084.05pt>
File: images/PC2B_Normals_on.png Graphic file (type png)

<use images/PC2B_Normals_on.png>
Package pdftex.def Info: images/PC2B_Normals_on.png used on input line 257.
(pdftex.def)             Requested size: 192.0548pt x 108.0309pt.

<images/PC2B_OpenGL_Viewer.jpg, id=181, 975.645pt x 819.06pt>
File: images/PC2B_OpenGL_Viewer.jpg Graphic file (type jpg)

<use images/PC2B_OpenGL_Viewer.jpg>
Package pdftex.def Info: images/PC2B_OpenGL_Viewer.jpg used on input line 272.
(pdftex.def)             Requested size: 213.39566pt x 179.14394pt.
 [39 <I:/BA_Software/PointCloud2Blender/Paper_LaTeX/images/PC2B_Normals.jpg> <I
:/BA_Software/PointCloud2Blender/Paper_LaTeX/images/PC2B_Normals_off.png> <I:/B
A_Software/PointCloud2Blender/Paper_LaTeX/images/PC2B_Normals_on.png>] [40 <I:/
BA_Software/PointCloud2Blender/Paper_LaTeX/images/PC2B_OpenGL_Viewer.jpg>] [41]
) [42]
Chapter 4.
(I:\BA_Software\PointCloud2Blender\Paper_LaTeX\chapters/chapter03.tex [43

]
<images/graph_a.png, id=200, 867.24pt x 578.16pt>
File: images/graph_a.png Graphic file (type png)
 <use images/graph_a.png>
Package pdftex.def Info: images/graph_a.png used on input line 36.
(pdftex.def)             Requested size: 346.88986pt x 231.2599pt.


LaTeX Warning: `h' float specifier changed to `ht'.


Underfull \vbox (badness 4819) has occurred while \output is active []

 [44]
<images/Pellerhaus_3d_a.jpg, id=204, 963.6pt x 542.025pt>
File: images/Pellerhaus_3d_a.jpg Graphic file (type jpg)

<use images/Pellerhaus_3d_a.jpg>
Package pdftex.def Info: images/Pellerhaus_3d_a.jpg used on input line 55.
(pdftex.def)             Requested size: 192.0548pt x 108.0309pt.

<images/Pellerhaus_3d_b.jpg, id=205, 963.6pt x 542.025pt>
File: images/Pellerhaus_3d_b.jpg Graphic file (type jpg)

<use images/Pellerhaus_3d_b.jpg>
Package pdftex.def Info: images/Pellerhaus_3d_b.jpg used on input line 62.
(pdftex.def)             Requested size: 192.0548pt x 108.0309pt.

Underfull \vbox (badness 4846) has occurred while \output is active []

 [45 <I:/BA_Software/PointCloud2Blender/Paper_LaTeX/images/graph_a.png> <I:/BA_
Software/PointCloud2Blender/Paper_LaTeX/images/Pellerhaus_3d_a.jpg> <I:/BA_Soft
ware/PointCloud2Blender/Paper_LaTeX/images/Pellerhaus_3d_b.jpg>])
Overfull \hbox (3.01016pt too wide) in paragraph at lines 85--78
[]\T1/cmr/m/n/12 For a bet-ter pre-sen-ta-tion, the scene can also be vi-su-al-
ized in stereo-scopic 3d. Through
 []

[46]
Chapter 5.
(I:\BA_Software\PointCloud2Blender\Paper_LaTeX\chapters/conclusion.tex
Overfull \hbox (17.76805pt too wide) in paragraph at lines 17--21
[][]\T1/cmr/m/n/12 -Title: Selb-st-stndige Nav-i-ga-tion eines au-tonomen Robo
t-ers mit-tels 3D-Tiefensensor
 []

[47

]
LaTeX Font Info:    Try loading font information for T1+cmtt on input line 43.
 (D:\miktex-portable\tex\latex\base\t1cmtt.fd
File: t1cmtt.fd 1999/05/25 v2.5h Standard LaTeX font definitions
)) [48]
Appendix A.
(I:\BA_Software\PointCloud2Blender\Paper_LaTeX\chapters/appendix.tex
Underfull \hbox (badness 10000) in paragraph at lines 6--7

 []

LaTeX Font Info:    Font shape `OMS/cmr/bx/n' in size <12> not available
(Font)              Font shape `OMS/cmsy/b/n' tried instead on input line 17.

Overfull \hbox (6.2968pt too wide) in paragraph at lines 17--17
[]\T1/cmr/m/n/12 LITERATUR: Wil-helm Schwem-mer: J.W. der l-tere und der Jn-g
ere. In: Frnkische
 []


Underfull \hbox (badness 10000) in paragraph at lines 17--17

 []


Underfull \hbox (badness 10000) in paragraph at lines 17--17

 []


Underfull \hbox (badness 10000) in paragraph at lines 31--31

 []

[49

]
Underfull \hbox (badness 10000) in paragraph at lines 31--31

 []

[50]) [51] [52

]
Overfull \hbox (14.50917pt too wide) in paragraph at lines 88--88
\T1/cmr/m/it/12 teils\T1/cmr/m/n/12 . 2015. \T1/cmr/m/sc/12 url\T1/cmr/m/n/12 :
 $\T1/cmtt/m/n/12 http : / / stadtteilforum . org / langwasser / langwasser -[]

 []


Overfull \hbox (0.6157pt too wide) in paragraph at lines 88--88
\T1/cmtt/m/n/12 blenderartists . org / forum / showthread . php ? 349851 -[] Po
int -[] Cloud -[]
 []

[53]
Overfull \hbox (21.73172pt too wide) in paragraph at lines 88--88
[]\T1/cmr/m/n/12 PulsedLight. \T1/cmr/m/it/12 Puls-ed-Light | Puls-ed-Light\T1/
cmr/m/n/12 . 2015. \T1/cmr/m/sc/12 url\T1/cmr/m/n/12 : $\T1/cmtt/m/n/12 http : 
/ / pulsedlight3d .
 []


Overfull \hbox (14.96269pt too wide) in paragraph at lines 88--88
\T1/cmtt/m/n/12 choosing -[] ultrasonic -[] sensor -[] proximity -[] or -[] dis
tance -[] measurement -[]
 []


Overfull \hbox (3.00946pt too wide) in paragraph at lines 88--88
[]\T1/cmr/m/n/12 Jan Erik Solem. \T1/cmr/m/it/12 Pro-gram-ming Com-puter Vi-sio
n with Python\T1/cmr/m/n/12 . Se-bastopol,
 []


Overfull \hbox (4.29488pt too wide) in paragraph at lines 88--88
\T1/cmr/m/it/12 Blender project - Free and Open 3D Cre-ation Soft-ware\T1/cmr/m
/n/12 . 2015. \T1/cmr/m/sc/12 url\T1/cmr/m/n/12 : $\T1/cmtt/m/n/12 https :
 []


Overfull \hbox (13.61867pt too wide) in paragraph at lines 88--88
\T1/cmr/m/sc/12 url\T1/cmr/m/n/12 : $\T1/cmtt/m/n/12 https : / / en . wikipedia
 . org / w / index . php ? title = Triangulation &
 []

[54]
Overfull \hbox (7.28317pt too wide) in paragraph at lines 88--88
\T1/cmtt/m/n/12 Renaissance _ architecture & oldid = 665879352$ \T1/cmr/m/n/12 
(Re-trieved 06/25/2015). 
 []


Overfull \hbox (2.23402pt too wide) in paragraph at lines 88--88
[]\T1/cmr/m/n/12 Wikipedia. \T1/cmr/m/it/12 Circle-Vision 360 --- Wikipedia, Th
e Free En-cy-clo-pe-dia\T1/cmr/m/n/12 . 2015.
 []


Overfull \hbox (3.55206pt too wide) in paragraph at lines 88--88
\T1/cmr/m/n/12 Reg-is-tra-tion of Panoramic Ter-res-trial 3D Laser Scans. In: 
(2015), pp. 11
 []

[55]
Overfull \hbox (10.53618pt too wide) in paragraph at lines 88--88
\T1/cmr/m/n/12 Vol. 6939. Lec-ture Notes in Com-puter Sci-ence. Berlin, Hei-del
-berg: Springer
 []


Overfull \hbox (22.31825pt too wide) in paragraph at lines 88--88
\T1/cmr/m/it/12 Repos-i-tory\T1/cmr/m/n/12 . 2014. \T1/cmr/m/sc/12 url\T1/cmr/m
/n/12 : $\T1/cmtt/m/n/12 http : / / graphics . stanford . edu / data / 3Dscanre
p/$
 []


Overfull \hbox (47.4866pt too wide) in paragraph at lines 88--88
\T1/cmr/m/n/12 USA: Mor-gan Kauf-mann Pub-lish-ers Inc., 2010. \T1/cmr/m/sc/12 
isbn\T1/cmr/m/n/12 : 0123750792, 9780123750792. 
 []


Overfull \hbox (33.48317pt too wide) in paragraph at lines 88--88
\T1/cmtt/m/n/12 forum / showthread . php ? 362865 -[] C -[] Qt -[] Export -[] b
lend -[] with -[] procedurally -[]
 []

[56] (I:\BA_Software\PointCloud2Blender\Paper_LaTeX\main.aux
(I:\BA_Software\PointCloud2Blender\Paper_LaTeX\declaration.aux)
(I:\BA_Software\PointCloud2Blender\Paper_LaTeX\abstract.aux)
(I:\BA_Software\PointCloud2Blender\Paper_LaTeX\acknowledgements.aux))
Package logreq Info: Writing requests to 'main.run.xml'.
 ) 
Here is how much of TeX's memory you used:
 22279 strings out of 493921
 434280 string characters out of 3139244
 811242 words of memory out of 3000000
 25098 multiletter control sequences out of 15000+200000
 26161 words of font info for 57 fonts, out of 3000000 for 9000
 841 hyphenation exceptions out of 8191
 62i,12n,89p,1695b,1012s stack positions out of 5000i,500n,10000p,200000b,50000s
 <D:\miktex-portable\fonts\pk\ljfour\jknappen\ec\dpi600\ecti0800.pk> <D:\mikt
ex-portable\fonts\pk\ljfour\jknappen\ec\dpi600\eccc1200.pk> <D:\miktex-portable
\fonts\pk\ljfour\jknappen\ec\dpi600\ecbx1000.pk> <D:\miktex-portable\fonts\pk\l
jfour\jknappen\ec\dpi600\ectt1200.pk> <D:\miktex-portable\fonts\pk\ljfour\jknap
pen\ec\dpi600\ecrm1095.pk> <D:\miktex-portable\fonts\pk\ljfour\jknappen\ec\dpi6
00\ecbx0700.pk> <D:\miktex-portable\fonts\pk\ljfour\jknappen\ec\dpi600\ecbx1440
.pk> <D:\miktex-portable\fonts\pk\ljfour\jknappen\ec\dpi600\ecsx1200.pk> <D:\mi
ktex-portable\fonts\pk\ljfour\jknappen\ec\dpi600\ecrm1000.pk> <D:\miktex-portab
le\fonts\pk\ljfour\jknappen\ec\dpi600\ecrm0700.pk> <D:\miktex-portable\fonts\pk
\ljfour\jknappen\ec\dpi600\ecbx1728.pk> <D:\miktex-portable\fonts\pk\ljfour\jkn
appen\ec\dpi600\ecrm0800.pk> <D:\miktex-portable\fonts\pk\ljfour\jknappen\ec\dp
i600\ecrm0600.pk> <D:\miktex-portable\fonts\pk\ljfour\jknappen\ec\dpi600\ecti12
00.pk> <D:\miktex-portable\fonts\pk\ljfour\jknappen\ec\dpi600\ecrm1200.pk> <D:\
miktex-portable\fonts\pk\ljfour\jknappen\ec\dpi600\ecbx1200.pk> <D:\miktex-port
able\fonts\pk\ljfour\jknappen\ec\dpi600\ecrm1728.pk> <D:\miktex-portable\fonts\
pk\ljfour\jknappen\ec\dpi600\ecbx2074.pk> <D:\miktex-portable\fonts\pk\ljfour\j
knappen\ec\dpi600\ecrm2074.pk> <D:\miktex-portable\fonts\pk\ljfour\jknappen\ec\
dpi600\ecbx2488.pk><D:/miktex-portable/fonts/type1/public/amsfonts/cm/cmbsy10.p
fb><D:/miktex-portable/fonts/type1/public/amsfonts/cm/cmex10.pfb><D:/miktex-por
table/fonts/type1/public/amsfonts/cm/cmmi12.pfb><D:/miktex-portable/fonts/type1
/public/amsfonts/cm/cmmi8.pfb><D:/miktex-portable/fonts/type1/public/amsfonts/c
m/cmr12.pfb><D:/miktex-portable/fonts/type1/public/amsfonts/cm/cmr8.pfb><D:/mik
tex-portable/fonts/type1/public/amsfonts/cm/cmsy10.pfb><D:/miktex-portable/font
s/type1/public/amsfonts/cm/cmsy8.pfb>
Output written on main.pdf (56 pages, 49895946 bytes).
PDF statistics:
 1048 PDF objects out of 1200 (max. 8388607)
 0 named destinations out of 1000 (max. 500000)
 173 words of extra memory for PDF output out of 10000 (max. 10000000)

